 10.1  2.3 /Applications/Telegram.app/Contents/MacOS/Telegram
  8.3  2.3 /Applications/Telegram.app/Contents/MacOS/Telegram
  8.3  2.3 /Applications/Telegram.app/Contents/MacOS/Telegram
 11.5  2.3 /Applications/Telegram.app/Contents/MacOS/Telegram
  8.1  2.3 /Applications/Telegram.app/Contents/MacOS/Telegram
  9.7  2.3 /Applications/Telegram.app/Contents/MacOS/Telegram
 11.2  2.3 /Applications/Telegram.app/Contents/MacOS/Telegram
 11.2  2.3 /Applications/Telegram.app/Contents/MacOS/Telegram
 14.5  1.5 /Applications/Visual Studio Code.app/Contents/Frameworks/Code Helper (Renderer).app/Contents/MacOS/Code Helper (Renderer)
 11.4  1.5 /Applications/Visual Studio Code.app/Contents/Frameworks/Code Helper (Renderer).app/Contents/MacOS/Code Helper (Renderer)
 29.3  0.9 /System/Library/PrivateFrameworks/SkyLight.framework/Resources/WindowServer
 29.3  0.9 /System/Library/PrivateFrameworks/SkyLight.framework/Resources/WindowServer
 33.8  0.9 /System/Library/PrivateFrameworks/SkyLight.framework/Resources/WindowServer
 38.7  0.9 /System/Library/PrivateFrameworks/SkyLight.framework/Resources/WindowServer
 36.3  0.9 /System/Library/PrivateFrameworks/SkyLight.framework/Resources/WindowServer
 28.0  0.9 /System/Library/PrivateFrameworks/SkyLight.framework/Resources/WindowServer
 28.0  0.9 /System/Library/PrivateFrameworks/SkyLight.framework/Resources/WindowServer
 23.6  0.9 /System/Library/PrivateFrameworks/SkyLight.framework/Resources/WindowServer
 24.6  0.9 /System/Library/PrivateFrameworks/SkyLight.framework/Resources/WindowServer
 21.3  0.9 /System/Library/PrivateFrameworks/SkyLight.framework/Resources/WindowServer
